*** Using Compiler 'V5.06 update 7 (build 960)', folder: 'D:\Users\15871\AppData\Local\Keil_v5\ARM\ARM_Compiler_5.06u7\Bin'
Rebuild target 'motor_control'
assembling startup_stm32f407xx.s...
compiling usart.c...
compiling stm32f4xx_hal_timebase_tim.c...
compiling dma.c...
compiling stm32f4xx_it.c...
compiling stm32f4xx_hal_msp.c...
compiling can.c...
compiling gpio.c...
compiling stm32f4xx_hal_rcc_ex.c...
compiling main.c...
../bsp/inc/bsp_can.h(88): warning:  #1295-D: Deprecated declaration TIM_CAN_PeriodElapsedCallback - give arg types
  extern void TIM_CAN_PeriodElapsedCallback();
../task/inc/task_init.h(26): warning:  #1295-D: Deprecated declaration task_start_init - give arg types
  extern void task_start_init();
../task/inc/tripod_head.h(37): warning:  #1-D: last line of file ends without a newline
  #endif
../Core/Src/main.c: 3 warnings, 0 errors
compiling stm32f4xx_hal_can.c...
compiling freertos.c...
../bsp/inc/bsp_can.h(88): warning:  #1295-D: Deprecated declaration TIM_CAN_PeriodElapsedCallback - give arg types
  extern void TIM_CAN_PeriodElapsedCallback();
../task/inc/tripod_head.h(37): warning:  #1-D: last line of file ends without a newline
  #endif
../task/inc/task_init.h(26): warning:  #1295-D: Deprecated declaration task_start_init - give arg types
  extern void task_start_init();
../Core/Src/freertos.c: 3 warnings, 0 errors
compiling stm32f4xx_hal_rcc.c...
compiling stm32f4xx_hal_flash.c...
compiling stm32f4xx_hal_flash_ramfunc.c...
compiling stm32f4xx_hal_flash_ex.c...
compiling stm32f4xx_hal_dma.c...
compiling stm32f4xx_hal_gpio.c...
compiling stm32f4xx_hal_pwr.c...
compiling stm32f4xx_hal_cortex.c...
compiling stm32f4xx_hal_pwr_ex.c...
compiling stm32f4xx_hal_exti.c...
compiling stm32f4xx_hal.c...
compiling stm32f4xx_hal_dma_ex.c...
compiling stm32f4xx_hal_tim.c...
compiling system_stm32f4xx.c...
compiling bsp_motor.c...
../bsp/inc/bsp_can.h(88): warning:  #1295-D: Deprecated declaration TIM_CAN_PeriodElapsedCallback - give arg types
  extern void TIM_CAN_PeriodElapsedCallback();
..\bsp\src\bsp_motor.c(245): error:  #20: identifier "pid_control3" is undefined
  		if (model2 == pid_control3)
..\bsp\src\bsp_motor.c(525): warning:  #1-D: last line of file ends without a newline
  };
..\bsp\src\bsp_motor.c: 2 warnings, 1 error
compiling bsp_can.c...
../bsp/inc/bsp_can.h(88): warning:  #1295-D: Deprecated declaration TIM_CAN_PeriodElapsedCallback - give arg types
  extern void TIM_CAN_PeriodElapsedCallback();
../task/inc/tripod_head.h(37): warning:  #1-D: last line of file ends without a newline
  #endif
..\bsp\src\bsp_can.c: 2 warnings, 0 errors
compiling shoot.c...
../bsp/inc/bsp_can.h(88): warning:  #1295-D: Deprecated declaration TIM_CAN_PeriodElapsedCallback - give arg types
  extern void TIM_CAN_PeriodElapsedCallback();
..\task\src\shoot.c(25): error:  #165: too few arguments in function call
  BSP_PID_Init(&(shoot->pull_bullets_motor.v_pid_object),5,0.01,10,10000,16000,20);
..\task\src\shoot.c(29): error:  #165: too few arguments in function call
  BSP_PID_Init(&shoot->pull_bullets_motor.l_pid_object,0.5,0,6,1000,16000,20);
..\task\src\shoot.c(32): error:  #165: too few arguments in function call
  BSP_PID_Init(&shoot->fric_wheel_l_motor.v_pid_object,10,0.01,35,10000,16000,20);
..\task\src\shoot.c(33): error:  #165: too few arguments in function call
  BSP_PID_Init(&shoot->fric_wheel_l_motor.v_pid_object,10,0.01,35,10000,16000,20);
..\task\src\shoot.c: 1 warning, 4 errors
compiling croutine.c...
compiling stm32f4xx_hal_tim_ex.c...
compiling stm32f4xx_hal_uart.c...
compiling remote_control.c...
compiling list.c...
compiling bsp_usart.c...
compiling event_groups.c...
compiling bsp_pid.c...
compiling stream_buffer.c...
compiling queue.c...
compiling timers.c...
compiling bsp_rc.c...
compiling heap_4.c...
compiling port.c...
compiling tasks.c...
compiling cmsis_os.c...
compiling task_init.c...
../bsp/inc/bsp_can.h(88): warning:  #1295-D: Deprecated declaration TIM_CAN_PeriodElapsedCallback - give arg types
  extern void TIM_CAN_PeriodElapsedCallback();
../task/inc/task_init.h(26): warning:  #1295-D: Deprecated declaration task_start_init - give arg types
  extern void task_start_init();
../task/inc/tripod_head.h(37): warning:  #1-D: last line of file ends without a newline
  #endif
..\task\src\task_init.c(32): warning:  #1-D: last line of file ends without a newline
   }
..\task\src\task_init.c: 4 warnings, 0 errors
compiling tripod_head.c...
../bsp/inc/bsp_can.h(88): warning:  #1295-D: Deprecated declaration TIM_CAN_PeriodElapsedCallback - give arg types
  extern void TIM_CAN_PeriodElapsedCallback();
../task/inc/tripod_head.h(37): warning:  #1-D: last line of file ends without a newline
  #endif
..\task\src\tripod_head.c(14): error:  #165: too few arguments in function call
  BSP_PID_Init(&tripod->pitch_motor.v_pid_object,10,0,10,10000,16000,20);
..\task\src\tripod_head.c(15): error:  #165: too few arguments in function call
  BSP_PID_Init(&tripod->pitch_motor.l_pid_object,5,0,3,1000,16000,20);
..\task\src\tripod_head.c(17): error:  #165: too few arguments in function call
  BSP_PID_Init(&tripod->yaw_motor.v_pid_object,0,0,0,10000,16000,20);
..\task\src\tripod_head.c(18): error:  #165: too few arguments in function call
  BSP_PID_Init(&tripod->yaw_motor.l_pid_object,0,0,0,10000,16000,20);
..\task\src\tripod_head.c(32): warning:  #1035-D: single-precision operand implicitly converted to double-precision
  tripod->pitch_motor.target_location=((float)local_rc_ctrl->rc.ch[1])/660*0.1+tripod->pitch_start_location;
..\task\src\tripod_head.c(35): warning:  #1-D: last line of file ends without a newline
  }
..\task\src\tripod_head.c: 4 warnings, 4 errors
compiling chassis.c...
../bsp/inc/bsp_can.h(88): warning:  #1295-D: Deprecated declaration TIM_CAN_PeriodElapsedCallback - give arg types
  extern void TIM_CAN_PeriodElapsedCallback();
..\task\src\chassis.c(114): error:  #20: identifier "pid_control3" is undefined
    bsp_motor_state_change(&chassis->L1_motor, chassis->L1_motor.motor_cotrol_way, pid_control3, chassis->L1_motor.target_v);
..\task\src\chassis.c: 1 warning, 1 error
"motor_control\motor_control.axf" - 10 Error(s), 20 Warning(s).
Target not created.
Build Time Elapsed:  00:00:43
